[20636:7980:0811/074217.927:ERROR:device_event_log_impl.cc(214)] [07:42:17.927] USB: usb_device_handle_win.cc:1048 Failed to read descriptor from node connection: システムに接続されたデバイスが機能していません。 (0x1F)
[20636:7980:0811/074217.947:ERROR:device_event_log_impl.cc(214)] [07:42:17.947] USB: usb_device_handle_win.cc:1048 Failed to read descriptor from node connection: システムに接続されたデバイスが機能していません。 (0x1F)
[20636:7980:0811/074228.601:WARNING:controller_impl.cc(1190)] Background download complete, client: 6, completion type: 0, file size:9419
[20636:7980:0811/074228.822:WARNING:controller_impl.cc(1190)] Background download complete, client: 6, completion type: 0, file size:265060
[20636:7980:0811/074250.515:INFO:CONSOLE(67997)] "2022-08-11T07:42:50.446: Initializing adguard", source: chrome-extension://bgnkhhnnamicmpeenaelnjfhikgbkllg/pages/background.js (67997)
[20636:7980:0811/074250.528:INFO:CONSOLE(67997)] "2022-08-11T07:42:50.527: Starting adguard... Version: 4.1.1. Id: bgnkhhnnamicmpeenaelnjfhikgbkllg", source: chrome-extension://bgnkhhnnamicmpeenaelnjfhikgbkllg/pages/background.js (67997)
[20636:7980:0811/074250.534:INFO:CONSOLE(67997)] "2022-08-11T07:42:50.534: Filters metadata loaded", source: chrome-extension://bgnkhhnnamicmpeenaelnjfhikgbkllg/pages/background.js (67997)
[20636:7980:0811/074250.534:INFO:CONSOLE(67997)] "2022-08-11T07:42:50.534: Loading filters i18n metadata..", source: chrome-extension://bgnkhhnnamicmpeenaelnjfhikgbkllg/pages/background.js (67997)
[20636:7980:0811/074250.543:INFO:CONSOLE(67997)] "2022-08-11T07:42:50.543: Filters i18n metadata loaded", source: chrome-extension://bgnkhhnnamicmpeenaelnjfhikgbkllg/pages/background.js (67997)
[20636:7980:0811/074250.557:INFO:CONSOLE(67997)] "2022-08-11T07:42:50.554: Filters redirect sources loaded", source: chrome-extension://bgnkhhnnamicmpeenaelnjfhikgbkllg/pages/background.js (67997)
[20636:7980:0811/074250.579:INFO:CONSOLE(67997)] "2022-08-11T07:42:50.579: Filtering engine is not ready", source: chrome-extension://bgnkhhnnamicmpeenaelnjfhikgbkllg/pages/background.js (67997)
[20636:7980:0811/074250.580:INFO:CONSOLE(67997)] "2022-08-11T07:42:50.580: Filtering engine is not ready", source: chrome-extension://bgnkhhnnamicmpeenaelnjfhikgbkllg/pages/background.js (67997)
[20636:7980:0811/074250.674:INFO:CONSOLE(67997)] "2022-08-11T07:42:50.674: Retrieved response from server for filter 2, rules count: 114445", source: chrome-extension://bgnkhhnnamicmpeenaelnjfhikgbkllg/pages/background.js (67997)
[20636:7980:0811/074250.675:INFO:CONSOLE(67997)] "2022-08-11T07:42:50.675: Start checking filters updates", source: chrome-extension://bgnkhhnnamicmpeenaelnjfhikgbkllg/pages/background.js (67997)
[20636:7980:0811/074250.675:INFO:CONSOLE(67997)] "2022-08-11T07:42:50.675: Checking updates for 1 filters", source: chrome-extension://bgnkhhnnamicmpeenaelnjfhikgbkllg/pages/background.js (67997)
[20636:7980:0811/074250.679:INFO:CONSOLE(67997)] "2022-08-11T07:42:50.678: Filtering engine is not ready", source: chrome-extension://bgnkhhnnamicmpeenaelnjfhikgbkllg/pages/background.js (67997)
[20636:7980:0811/074250.680:INFO:CONSOLE(67997)] "2022-08-11T07:42:50.680: Retrieved response from server for filter 10, rules count: 385", source: chrome-extension://bgnkhhnnamicmpeenaelnjfhikgbkllg/pages/background.js (67997)
[20636:7980:0811/074250.681:INFO:CONSOLE(67997)] "2022-08-11T07:42:50.681: Start checking filters updates", source: chrome-extension://bgnkhhnnamicmpeenaelnjfhikgbkllg/pages/background.js (67997)
[20636:7980:0811/074250.681:INFO:CONSOLE(67997)] "2022-08-11T07:42:50.681: Checking updates for 1 filters", source: chrome-extension://bgnkhhnnamicmpeenaelnjfhikgbkllg/pages/background.js (67997)
[20636:7980:0811/074250.683:INFO:CONSOLE(67997)] "2022-08-11T07:42:50.683: Filtering engine is not ready", source: chrome-extension://bgnkhhnnamicmpeenaelnjfhikgbkllg/pages/background.js (67997)
[20636:7980:0811/074250.700:INFO:CONSOLE(67997)] "2022-08-11T07:42:50.700: Retrieved response from server for filter 7, rules count: 6456", source: chrome-extension://bgnkhhnnamicmpeenaelnjfhikgbkllg/pages/background.js (67997)
[20636:7980:0811/074250.700:INFO:CONSOLE(67997)] "2022-08-11T07:42:50.700: Start checking filters updates", source: chrome-extension://bgnkhhnnamicmpeenaelnjfhikgbkllg/pages/background.js (67997)
[20636:7980:0811/074250.700:INFO:CONSOLE(67997)] "2022-08-11T07:42:50.700: Checking updates for 1 filters", source: chrome-extension://bgnkhhnnamicmpeenaelnjfhikgbkllg/pages/background.js (67997)
[20636:7980:0811/074250.707:INFO:CONSOLE(67997)] "2022-08-11T07:42:50.707: Filtering engine is not ready", source: chrome-extension://bgnkhhnnamicmpeenaelnjfhikgbkllg/pages/background.js (67997)
[20636:7980:0811/074250.728:INFO:CONSOLE(67997)] "2022-08-11T07:42:50.728: Filtering engine is not ready", source: chrome-extension://bgnkhhnnamicmpeenaelnjfhikgbkllg/pages/background.js (67997)
[20636:7980:0811/074250.728:INFO:CONSOLE(67997)] "2022-08-11T07:42:50.728: Filtering engine is not ready", source: chrome-extension://bgnkhhnnamicmpeenaelnjfhikgbkllg/pages/background.js (67997)
[20636:7980:0811/074250.728:INFO:CONSOLE(67997)] "2022-08-11T07:42:50.728: Filtering engine is not ready", source: chrome-extension://bgnkhhnnamicmpeenaelnjfhikgbkllg/pages/background.js (67997)
[20636:7980:0811/074250.786:INFO:CONSOLE(67997)] "2022-08-11T07:42:50.786: Updating filter 7 to version 2.0.23.29", source: chrome-extension://bgnkhhnnamicmpeenaelnjfhikgbkllg/pages/background.js (67997)
[20636:7980:0811/074250.787:INFO:CONSOLE(67997)] "2022-08-11T07:42:50.787: Updating filter 10 to version 2.0.1.77", source: chrome-extension://bgnkhhnnamicmpeenaelnjfhikgbkllg/pages/background.js (67997)
[20636:7980:0811/074250.788:INFO:CONSOLE(67997)] "2022-08-11T07:42:50.788: Updating filter 2 to version 2.2.43.39", source: chrome-extension://bgnkhhnnamicmpeenaelnjfhikgbkllg/pages/background.js (67997)
[20636:7980:0811/074250.790:INFO:CONSOLE(67997)] "2022-08-11T07:42:50.790: Filtering engine is not ready", source: chrome-extension://bgnkhhnnamicmpeenaelnjfhikgbkllg/pages/background.js (67997)
[20636:7980:0811/074250.790:INFO:CONSOLE(67997)] "2022-08-11T07:42:50.790: Filtering engine is not ready", source: chrome-extension://bgnkhhnnamicmpeenaelnjfhikgbkllg/pages/background.js (67997)
[20636:7980:0811/074250.790:INFO:CONSOLE(67997)] "2022-08-11T07:42:50.790: Filtering engine is not ready", source: chrome-extension://bgnkhhnnamicmpeenaelnjfhikgbkllg/pages/background.js (67997)
[20636:7980:0811/074250.804:INFO:CONSOLE(67997)] "2022-08-11T07:42:50.804: Filtering engine is not ready", source: chrome-extension://bgnkhhnnamicmpeenaelnjfhikgbkllg/pages/background.js (67997)
[20636:7980:0811/074250.806:INFO:CONSOLE(67997)] "2022-08-11T07:42:50.805: Retrieved response from server for filter 10, rules count: 384", source: chrome-extension://bgnkhhnnamicmpeenaelnjfhikgbkllg/pages/background.js (67997)
[20636:7980:0811/074250.806:INFO:CONSOLE(67997)] "2022-08-11T07:42:50.806: Filters were auto updated: Filter ID: 10", source: chrome-extension://bgnkhhnnamicmpeenaelnjfhikgbkllg/pages/background.js (67997)
[20636:7980:0811/074250.809:INFO:CONSOLE(67997)] "2022-08-11T07:42:50.809: Filtering engine is not ready", source: chrome-extension://bgnkhhnnamicmpeenaelnjfhikgbkllg/pages/background.js (67997)
[20636:7980:0811/074250.812:INFO:CONSOLE(67997)] "2022-08-11T07:42:50.812: Filtering engine is not ready", source: chrome-extension://bgnkhhnnamicmpeenaelnjfhikgbkllg/pages/background.js (67997)
[20636:7980:0811/074250.816:INFO:CONSOLE(67997)] "2022-08-11T07:42:50.816: Retrieved response from server for filter 7, rules count: 6410", source: chrome-extension://bgnkhhnnamicmpeenaelnjfhikgbkllg/pages/background.js (67997)
[20636:7980:0811/074250.816:INFO:CONSOLE(67997)] "2022-08-11T07:42:50.816: Filters were auto updated: Filter ID: 7", source: chrome-extension://bgnkhhnnamicmpeenaelnjfhikgbkllg/pages/background.js (67997)
[20636:7980:0811/074251.000:INFO:CONSOLE(67997)] "2022-08-11T07:42:51.000: Retrieved response from server for filter 2, rules count: 115023", source: chrome-extension://bgnkhhnnamicmpeenaelnjfhikgbkllg/pages/background.js (67997)
[20636:7980:0811/074251.000:INFO:CONSOLE(67997)] "2022-08-11T07:42:51.000: Filters were auto updated: Filter ID: 2", source: chrome-extension://bgnkhhnnamicmpeenaelnjfhikgbkllg/pages/background.js (67997)
[20636:7980:0811/074252.466:INFO:CONSOLE(67997)] "2022-08-11T07:42:52.465: Starting loading filter rules from the storage", source: chrome-extension://bgnkhhnnamicmpeenaelnjfhikgbkllg/pages/background.js (67997)
[20636:7980:0811/074252.554:INFO:CONSOLE(67997)] "2022-08-11T07:42:52.554: Finished loading filter rules from the storage in 89 ms", source: chrome-extension://bgnkhhnnamicmpeenaelnjfhikgbkllg/pages/background.js (67997)
[20636:7980:0811/074252.554:INFO:CONSOLE(67997)] "2022-08-11T07:42:52.554: Starting request filter initialization..", source: chrome-extension://bgnkhhnnamicmpeenaelnjfhikgbkllg/pages/background.js (67997)
[20636:7980:0811/074252.566:INFO:CONSOLE(67997)] "2022-08-11T07:42:52.566: Starting url filter engine", source: chrome-extension://bgnkhhnnamicmpeenaelnjfhikgbkllg/pages/background.js (67997)
[20636:7980:0811/074252.605:INFO:CONSOLE(67997)] "2022-08-11T07:42:52.604: Filtering engine is not ready", source: chrome-extension://bgnkhhnnamicmpeenaelnjfhikgbkllg/pages/background.js (67997)
[20636:7980:0811/074252.605:INFO:CONSOLE(67997)] "2022-08-11T07:42:52.604: Filtering engine is not ready", source: chrome-extension://bgnkhhnnamicmpeenaelnjfhikgbkllg/pages/background.js (67997)
[20636:7980:0811/074252.605:INFO:CONSOLE(67997)] "2022-08-11T07:42:52.604: Filtering engine is not ready", source: chrome-extension://bgnkhhnnamicmpeenaelnjfhikgbkllg/pages/background.js (67997)
[20636:7980:0811/074252.950:INFO:CONSOLE(67997)] "2022-08-11T07:42:52.951: Starting url filter engine..ok", source: chrome-extension://bgnkhhnnamicmpeenaelnjfhikgbkllg/pages/background.js (67997)
[20636:7980:0811/074252.951:INFO:CONSOLE(67997)] "2022-08-11T07:42:52.951: Finished request filter initialization in 397 ms. Rules count: 107977", source: chrome-extension://bgnkhhnnamicmpeenaelnjfhikgbkllg/pages/background.js (67997)
[20636:7980:0811/074306.757:INFO:CONSOLE(158)] "Uncaught ReferenceError: media_line_me is not defined", source: https://www.nurumayu.net/twidouga/gettwi.php (158)
[20636:7980:0811/074308.609:INFO:CONSOLE(282)] "Uncaught ReferenceError: media_line_me is not defined", source: https://www.twidouga.net/realtime_t.php (282)
[20636:7980:0811/074308.670:INFO:CONSOLE(6774)] "crbug/1173575, non-JS module files deprecated.", source: chrome-error://chromewebdata/ (6774)
[20636:7980:0811/074308.698:INFO:CONSOLE(6774)] "crbug/1173575, non-JS module files deprecated.", source: chrome-error://chromewebdata/ (6774)
[20636:7980:0811/074308.701:INFO:CONSOLE(6774)] "crbug/1173575, non-JS module files deprecated.", source: chrome-error://chromewebdata/ (6774)
[20636:7980:0811/074308.703:INFO:CONSOLE(6774)] "crbug/1173575, non-JS module files deprecated.", source: chrome-error://chromewebdata/ (6774)
[20636:7980:0811/074310.438:INFO:CONSOLE(6774)] "crbug/1173575, non-JS module files deprecated.", source: chrome-error://chromewebdata/ (6774)
[20636:7980:0811/074310.440:INFO:CONSOLE(6774)] "crbug/1173575, non-JS module files deprecated.", source: chrome-error://chromewebdata/ (6774)
[20636:7980:0811/074310.442:INFO:CONSOLE(6774)] "crbug/1173575, non-JS module files deprecated.", source: chrome-error://chromewebdata/ (6774)
[20636:7980:0811/074310.443:INFO:CONSOLE(6774)] "crbug/1173575, non-JS module files deprecated.", source: chrome-error://chromewebdata/ (6774)
[20636:7980:0811/074311.153:INFO:CONSOLE(6774)] "crbug/1173575, non-JS module files deprecated.", source: chrome-error://chromewebdata/ (6774)
[20636:7980:0811/074311.156:INFO:CONSOLE(6774)] "crbug/1173575, non-JS module files deprecated.", source: chrome-error://chromewebdata/ (6774)
[20636:7980:0811/074311.158:INFO:CONSOLE(6774)] "crbug/1173575, non-JS module files deprecated.", source: chrome-error://chromewebdata/ (6774)
[20636:7980:0811/074311.161:INFO:CONSOLE(6774)] "crbug/1173575, non-JS module files deprecated.", source: chrome-error://chromewebdata/ (6774)
[20636:7980:0811/074311.959:INFO:CONSOLE(6774)] "crbug/1173575, non-JS module files deprecated.", source: chrome-error://chromewebdata/ (6774)
[20636:7980:0811/074311.962:INFO:CONSOLE(6774)] "crbug/1173575, non-JS module files deprecated.", source: chrome-error://chromewebdata/ (6774)
[20636:7980:0811/074311.965:INFO:CONSOLE(6774)] "crbug/1173575, non-JS module files deprecated.", source: chrome-error://chromewebdata/ (6774)
[20636:7980:0811/074311.966:INFO:CONSOLE(6774)] "crbug/1173575, non-JS module files deprecated.", source: chrome-error://chromewebdata/ (6774)
[20636:7980:0811/074312.684:INFO:CONSOLE(6774)] "crbug/1173575, non-JS module files deprecated.", source: chrome-error://chromewebdata/ (6774)
[20636:7980:0811/074312.687:INFO:CONSOLE(6774)] "crbug/1173575, non-JS module files deprecated.", source: chrome-error://chromewebdata/ (6774)
[20636:7980:0811/074312.688:INFO:CONSOLE(6774)] "crbug/1173575, non-JS module files deprecated.", source: chrome-error://chromewebdata/ (6774)
[20636:7980:0811/074312.690:INFO:CONSOLE(6774)] "crbug/1173575, non-JS module files deprecated.", source: chrome-error://chromewebdata/ (6774)
[20636:7308:0811/074314.680:ERROR:util.cc(127)] Can't create base directory: C:\Program Files\Google\GoogleUpdater
[20636:7980:0811/074317.350:INFO:render_frame_host_impl.cc(11654)] RenderFrameHostImpl::MaybeGenerateCrashReport url = https://chrome.google.com/webstore/detail/adguard-adblocker/bgnkhhnnamicmpeenaelnjfhikgbkllg/related?hl=ja, status = 4, exit_code = 258
[20636:7980:0811/074317.957:INFO:render_frame_host_impl.cc(11654)] RenderFrameHostImpl::MaybeGenerateCrashReport url = chrome-extension://bgnkhhnnamicmpeenaelnjfhikgbkllg/pages/background.html, status = 4, exit_code = 258
[20636:7980:0811/074318.073:WARNING:pref_notifier_impl.cc(41)] Pref observer for media_router.cast_allow_all_ips found at shutdown.
